LoRa Receiver Ready!
Received: +OK
+RCV=1,4,2.19,-43,11
+OK
+OK
+RCV=1,4,2.37,-48,11
+IPR+RCV=1,4,3.01,-49,10

Received: +RCV=1,4,2.23,-50,10

Received: +RCV=1,4,2.07,-49,10

Received: +RCV=1,4,3.79,-47,10

Received: +RCV=1,4,3.14,-43,11

Received: +RCV=1,4,1.89,-61,10

Received: +RCV=1,4,2.96,-59,10

Received: +RCV=1,5,-0.49,-54,10

Received: +RCV=1,5,-1.91,-55,11

Received: +RCV=1,5,-3.16,-58,11

Received: +RCV=1,4,0.28,-52,10

Received: +RCV=1,5,-1.53,-48,10

Received: +RCV=1,5,-1.09,-46,11

Received: +RCV=1,5,-1.72,-34,10

Received: +RCV=1,5,-1.25,-29,11

Received: +RCV=1,5,-1.25,-30,11

Received: +RCV=1,5,-0.94,-29,11

Received: +RCV=1,5,-1.40,-28,12

Received: +RCV=1,5,-1.56,-29,11

Received: +RCV=1,4,0.02,-29,11

Received: +RCV=1,5,-1.07,-29,11

Received: +RCV=1,5,-1.23,-30,11

Received: +RCV=1,4,0.04,-29,11

Received: +RCV=1,5,-0.75,-35,10

Received: +RCV=1,5,-0.59,-29,11

Received: +RCV=1,5,-0.28,-29,11

Received: +RCV=1,4,0.53,-29,10

Received: +RCV=1,4,0.68,-28,11

Received: +RCV=1,5,-0.10,-28,11

Received: +RCV=1,5,-0.24,-29,11

Received: +RCV=1,4,0.07,-29,10

Received: +RCV=1,5,-1.32,-29,11

Received: +RCV=1,4,0.56,-29,10

Received: +RCV=1,4,1.20,-29,11

Received: +RCV=1,4,0.57,-28,11

Received: +RCV=1,4,0.10,-29,11

Received: +RCV=1,5,-0.54,-28,11

Received: +RCV=1,5,-1.01,-28,11

Received: +RCV=1,5,-0.21,-28,11

Received: +RCV=1,4,0.26,-28,11

Received: +RCV=1,4,0.75,-28,10

Received: +RCV=1,5,-1.16,-28,11

Received: +RCV=1,5,-2.39,-27,11

Received: +RCV=1,4,0.42,-27,10

Received: +RCV=1,5,-0.81,-28,12

Received: +RCV=1,5,-1.13,-31,11

Received: +RCV=1,5,-0.35,-30,11

Received: +RCV=1,5,-0.66,-30,10

